<?xml version="1.0" encoding="UTF-8"?>
<!-- Generated by org.testng.reporters.JUnitXMLReporter -->
<testsuite ignored="1" hostname="Smile" failures="0" tests="1" name="Default test" time="2.872" errors="0" timestamp="2023-06-03T16:52:59 EDT">
  <testcase classname="tek.api.sqa.tests.HomeWork2" name="createAccountHomeWorkTest" time="2.427"/>
  <testcase classname="tek.api.sqa.tests.HomeWork2" name="getAccountWithDBQueryHomeWork" time="0.0">
    <ignored/>
  </testcase> <!-- getAccountWithDBQueryHomeWork -->
</testsuite> <!-- Default test -->
