<?xml version="1.0" encoding="UTF-8"?>
<testng-results ignored="0" total="1" passed="1" failed="0" skipped="0">
  <reporter-output>
  </reporter-output>
  <suite started-at="2023-05-31T20:37:40 EDT" name="Default suite" finished-at="2023-05-31T20:37:43 EDT" duration-ms="3271">
    <groups>
    </groups>
    <test started-at="2023-05-31T20:37:40 EDT" name="Default test" finished-at="2023-05-31T20:37:43 EDT" duration-ms="3271">
      <class name="tek.api.sqa.tests.GetAccountWithDB">
        <test-method is-config="true" signature="setupApiTest()[pri:0, instance:tek.api.sqa.tests.GetAccountWithDB@238d68ff]" started-at="2023-05-31T20:37:40 EDT" name="setupApiTest" finished-at="2023-05-31T20:37:41 EDT" duration-ms="247" status="PASS">
          <reporter-output>
          </reporter-output>
        </test-method> <!-- setupApiTest -->
        <test-method signature="getAccountWithDBQuery()[pri:0, instance:tek.api.sqa.tests.GetAccountWithDB@238d68ff]" started-at="2023-05-31T20:37:41 EDT" name="getAccountWithDBQuery" finished-at="2023-05-31T20:37:43 EDT" duration-ms="2819" status="PASS">
          <reporter-output>
          </reporter-output>
        </test-method> <!-- getAccountWithDBQuery -->
      </class> <!-- tek.api.sqa.tests.GetAccountWithDB -->
    </test> <!-- Default test -->
  </suite> <!-- Default suite -->
</testng-results>
