<?xml version="1.0" encoding="UTF-8"?>
<testng-results ignored="0" total="1" passed="1" failed="0" skipped="0">
  <reporter-output>
  </reporter-output>
  <suite started-at="2023-07-10T03:46:58 EDT" name="Default suite" finished-at="2023-07-10T03:47:06 EDT" duration-ms="8028">
    <groups>
    </groups>
    <test started-at="2023-07-10T03:46:58 EDT" name="Default test" finished-at="2023-07-10T03:47:06 EDT" duration-ms="8028">
      <class name="tek.api.sqa.tests.E2EAccountCreateTest">
        <test-method is-config="true" signature="setupApiTest()[pri:0, instance:tek.api.sqa.tests.E2EAccountCreateTest@4167d97b]" started-at="2023-07-10T03:46:58 EDT" name="setupApiTest" finished-at="2023-07-10T03:46:59 EDT" duration-ms="238" status="PASS">
          <reporter-output>
          </reporter-output>
        </test-method> <!-- setupApiTest -->
        <test-method signature="e2EAccountCreate()[pri:0, instance:tek.api.sqa.tests.E2EAccountCreateTest@4167d97b]" started-at="2023-07-10T03:46:59 EDT" name="e2EAccountCreate" finished-at="2023-07-10T03:47:06 EDT" duration-ms="7572" status="PASS">
          <reporter-output>
          </reporter-output>
        </test-method> <!-- e2EAccountCreate -->
      </class> <!-- tek.api.sqa.tests.E2EAccountCreateTest -->
    </test> <!-- Default test -->
  </suite> <!-- Default suite -->
</testng-results>
